<?xml version="1.0" encoding="UTF-8"?>
<testsuite xmlns:xsi="http://www.w3.org/2001/XMLSchema-instance" xsi:noNamespaceSchemaLocation="https://maven.apache.org/surefire/maven-surefire-plugin/xsd/surefire-test-report-3.0.xsd" version="3.0" name="com.mycompany.instantmessage.MessageManagementTest" time="79.597" tests="11" errors="0" skipped="0" failures="1">
  <properties>
[...]
</properties>
  <testcase name="testDisplayAllSentMessagesWithContent" classname="com.mycompany.instantmessage.MessageManagementTest" time="63.346"/>
  <testcase name="testDisplayAllSentMessagesNoContent" classname="com.mycompany.instantmessage.MessageManagementTest" time="3.737"/>
  <testcase name="testDeleteMessageByHashExisting" classname="com.mycompany.instantmessage.MessageManagementTest" time="5.909"/>
  <testcase name="testDeleteMessageByHashNonExisting" classname="com.mycompany.instantmessage.MessageManagementTest" time="1.843"/>
  <testcase name="testResetMessageListsForTesting" classname="com.mycompany.instantmessage.MessageManagementTest" time="0.012">
    <system-out><![CDATA[No existing stored messages file found. Starting fresh.
]]></system-out>
  </testcase>
  <testcase name="testDisplayLongestSentMessageWithContent" classname="com.mycompany.instantmessage.MessageManagementTest" time="2.383"/>
  <testcase name="testGetFullReportStringWithMessages" classname="com.mycompany.instantmessage.MessageManagementTest" time="0.026">
    <failure message="expected: &lt;true&gt; but was: &lt;false&gt;" type="org.opentest4j.AssertionFailedError"><![CDATA[org.opentest4j.AssertionFailedError: expected: <true> but was: <false>
	at org.junit.jupiter.api.AssertionFailureBuilder.build(AssertionFailureBuilder.java:151)
	at org.junit.jupiter.api.AssertionFailureBuilder.buildAndThrow(AssertionFailureBuilder.java:132)
	at org.junit.jupiter.api.AssertTrue.failNotTrue(AssertTrue.java:63)
	at org.junit.jupiter.api.AssertTrue.assertTrue(AssertTrue.java:36)
	at org.junit.jupiter.api.AssertTrue.assertTrue(AssertTrue.java:31)
	at org.junit.jupiter.api.Assertions.assertTrue(Assertions.java:183)
	at com.mycompany.instantmessage.MessageManagementTest.testGetFullReportStringWithMessages(MessageManagementTest.java:92)
	at java.base/java.lang.reflect.Method.invoke(Method.java:580)
	at java.base/java.util.ArrayList.forEach(ArrayList.java:1596)
	at java.base/java.util.ArrayList.forEach(ArrayList.java:1596)
]]></failure>
  </testcase>
  <testcase name="testGetFullReportStringNoMessages" classname="com.mycompany.instantmessage.MessageManagementTest" time="0.002"/>
  <testcase name="testDisplayLongestSentMessageNoContent" classname="com.mycompany.instantmessage.MessageManagementTest" time="2.289"/>
  <testcase name="testSaveAndLoadStoredMessagesToFile" classname="com.mycompany.instantmessage.MessageManagementTest" time="0.011"/>
  <testcase name="testLoadStoredMessagesFromFileNoFile" classname="com.mycompany.instantmessage.MessageManagementTest" time="0.003">
    <system-out><![CDATA[No existing stored messages file found. Starting fresh.
]]></system-out>
  </testcase>
</testsuite>